# JRE version: OpenJDK Runtime Environment (11.0.11+9) (build 11.0.11+9-b60-7590822)
# Java VM: OpenJDK 64-Bit Server VM (11.0.11+9-b60-7590822, mixed mode, tiered, compressed oops, g1 gc, windows-amd64)
Heap:
 garbage-first heap   total 247808K, used 105482K [0x0000000080000000, 0x0000000100000000)
  region size 1024K, 1 young (1024K), 1 survivors (1024K)
 Metaspace       used 124877K, capacity 128196K, committed 128976K, reserved 1161216K
  class space    used 15487K, capacity 16744K, committed 17024K, reserved 1048576K
GC Heap History (20 events):
Event: 4596.506 GC heap after
{Heap after GC invocations=126 (full 0):
 garbage-first heap   total 165888K, used 107068K [0x0000000080000000, 0x0000000100000000)
  region size 1024K, 1 young (1024K), 1 survivors (1024K)
 Metaspace       used 121131K, capacity 124254K, committed 125136K, reserved 1157120K
  class space    used 15251K, capacity 16464K, committed 16768K, reserved 1048576K
}
Event: 4599.209 GC heap before
{Heap before GC invocations=127 (full 0):
 garbage-first heap   total 165888K, used 140860K [0x0000000080000000, 0x0000000100000000)
  region size 1024K, 20 young (20480K), 1 survivors (1024K)
 Metaspace       used 121909K, capacity 125046K, committed 125904K, reserved 1159168K
  class space    used 15279K, capacity 16501K, committed 16768K, reserved 1048576K
}
Event: 4599.236 GC heap after
{Heap after GC invocations=128 (full 0):
 garbage-first heap   total 165888K, used 108741K [0x0000000080000000, 0x0000000100000000)
  region size 1024K, 2 young (2048K), 2 survivors (2048K)
 Metaspace       used 121909K, capacity 125046K, committed 125904K, reserved 1159168K
  class space    used 15279K, capacity 16501K, committed 16768K, reserved 1048576K
}
Event: 4600.669 GC heap before
{Heap before GC invocations=128 (full 0):
 garbage-first heap   total 165888K, used 114885K [0x0000000080000000, 0x0000000100000000)
  region size 1024K, 8 young (8192K), 2 survivors (2048K)
 Metaspace       used 122047K, capacity 125174K, committed 126160K, reserved 1159168K
  class space    used 15292K, capacity 16501K, committed 16768K, reserved 1048576K
}
Event: 4600.699 GC heap after
{Heap after GC invocations=129 (full 0):
 garbage-first heap   total 165888K, used 109713K [0x0000000080000000, 0x0000000100000000)
  region size 1024K, 1 young (1024K), 1 survivors (1024K)
 Metaspace       used 122047K, capacity 125174K, committed 126160K, reserved 1159168K
  class space    used 15292K, capacity 16501K, committed 16768K, reserved 1048576K
}
Event: 4602.807 GC heap before
{Heap before GC invocations=129 (full 0):
 garbage-first heap   total 165888K, used 129169K [0x0000000080000000, 0x0000000100000000)
  region size 1024K, 20 young (20480K), 1 survivors (1024K)
 Metaspace       used 122099K, capacity 125273K, committed 126288K, reserved 1159168K
  class space    used 15295K, capacity 16534K, committed 16896K, reserved 1048576K
}
Event: 4602.835 GC heap after
{Heap after GC invocations=130 (full 0):
 garbage-first heap   total 165888K, used 112591K [0x0000000080000000, 0x0000000100000000)
  region size 1024K, 3 young (3072K), 3 survivors (3072K)
 Metaspace       used 122099K, capacity 125273K, committed 126288K, reserved 1159168K
  class space    used 15295K, capacity 16534K, committed 16896K, reserved 1048576K
}
Event: 4604.941 GC heap before
{Heap before GC invocations=131 (full 0):
 garbage-first heap   total 165888K, used 122831K [0x0000000080000000, 0x0000000100000000)
  region size 1024K, 22 young (22528K), 3 survivors (3072K)
 Metaspace       used 124037K, capacity 127193K, committed 128208K, reserved 1161216K
  class space    used 15451K, capacity 16662K, committed 17024K, reserved 1048576K
}
Event: 4604.989 GC heap after
{Heap after GC invocations=132 (full 0):
 garbage-first heap   total 165888K, used 107817K [0x0000000080000000, 0x0000000100000000)
  region size 1024K, 3 young (3072K), 3 survivors (3072K)
 Metaspace       used 124037K, capacity 127193K, committed 128208K, reserved 1161216K
  class space    used 15451K, capacity 16662K, committed 17024K, reserved 1048576K
}
Event: 4605.788 GC heap before
{Heap before GC invocations=132 (full 0):
 garbage-first heap   total 165888K, used 111913K [0x0000000080000000, 0x0000000100000000)
  region size 1024K, 8 young (8192K), 3 survivors (3072K)
 Metaspace       used 124193K, capacity 127353K, committed 128464K, reserved 1161216K
  class space    used 15458K, capacity 16694K, committed 17024K, reserved 1048576K
}
Event: 4605.850 GC heap after
{Heap after GC invocations=133 (full 0):
 garbage-first heap   total 199680K, used 97100K [0x0000000080000000, 0x0000000100000000)
  region size 1024K, 1 young (1024K), 1 survivors (1024K)
 Metaspace       used 124193K, capacity 127353K, committed 128464K, reserved 1161216K
  class space    used 15458K, capacity 16694K, committed 17024K, reserved 1048576K
}
Event: 4640.166 GC heap before
{Heap before GC invocations=133 (full 0):
 garbage-first heap   total 199680K, used 132940K [0x0000000080000000, 0x0000000100000000)
  region size 1024K, 37 young (37888K), 1 survivors (1024K)
 Metaspace       used 124214K, capacity 127354K, committed 128464K, reserved 1161216K
  class space    used 15458K, capacity 16694K, committed 17024K, reserved 1048576K
}
Event: 4640.250 GC heap after
{Heap after GC invocations=134 (full 0):
 garbage-first heap   total 199680K, used 102252K [0x0000000080000000, 0x0000000100000000)
  region size 1024K, 5 young (5120K), 5 survivors (5120K)
 Metaspace       used 124214K, capacity 127354K, committed 128464K, reserved 1161216K
  class space    used 15458K, capacity 16694K, committed 17024K, reserved 1048576K
}
Event: 4673.562 GC heap before
{Heap before GC invocations=135 (full 0):
 garbage-first heap   total 199680K, used 136044K [0x0000000080000000, 0x0000000100000000)
  region size 1024K, 41 young (41984K), 5 survivors (5120K)
 Metaspace       used 124675K, capacity 127878K, committed 128720K, reserved 1161216K
  class space    used 15481K, capacity 16735K, committed 17024K, reserved 1048576K
}
Event: 4673.907 GC heap after
{Heap after GC invocations=136 (full 0):
 garbage-first heap   total 199680K, used 101817K [0x0000000080000000, 0x0000000100000000)
  region size 1024K, 3 young (3072K), 3 survivors (3072K)
 Metaspace       used 124675K, capacity 127878K, committed 128720K, reserved 1161216K
  class space    used 15481K, capacity 16735K, committed 17024K, reserved 1048576K
}
Event: 4674.973 GC heap before
{Heap before GC invocations=136 (full 0):
 garbage-first heap   total 199680K, used 110009K [0x0000000080000000, 0x0000000100000000)
  region size 1024K, 9 young (9216K), 3 survivors (3072K)
 Metaspace       used 124770K, capacity 128054K, committed 128720K, reserved 1161216K
  class space    used 15485K, capacity 16743K, committed 17024K, reserved 1048576K
}
Event: 4675.021 GC heap after
{Heap after GC invocations=137 (full 0):
 garbage-first heap   total 199680K, used 99227K [0x0000000080000000, 0x0000000100000000)
  region size 1024K, 1 young (1024K), 1 survivors (1024K)
 Metaspace       used 124770K, capacity 128054K, committed 128720K, reserved 1161216K
  class space    used 15485K, capacity 16743K, committed 17024K, reserved 1048576K
}
Event: 4675.748 GC heap before
{Heap before GC invocations=137 (full 0):
 garbage-first heap   total 199680K, used 122779K [0x0000000080000000, 0x0000000100000000)
  region size 1024K, 25 young (25600K), 1 survivors (1024K)
 Metaspace       used 124797K, capacity 128066K, committed 128720K, reserved 1161216K
  class space    used 15486K, capacity 16744K, committed 17024K, reserved 1048576K
}
Event: 4675.937 GC heap after
{Heap after GC invocations=138 (full 0):
 garbage-first heap   total 199680K, used 105163K [0x0000000080000000, 0x0000000100000000)
  region size 1024K, 4 young (4096K), 4 survivors (4096K)
 Metaspace       used 124797K, capacity 128066K, committed 128720K, reserved 1161216K
  class space    used 15486K, capacity 16744K, committed 17024K, reserved 1048576K
}
Event: 4680.076 GC heap before
{Heap before GC invocations=139 (full 0):
 garbage-first heap   total 199680K, used 124619K [0x0000000080000000, 0x0000000100000000)
  region size 1024K, 23 young (23552K), 4 survivors (4096K)
 Metaspace       used 124877K, capacity 128196K, committed 128976K, reserved 1161216K
  class space    used 15487K, capacity 16744K, committed 17024K, reserved 1048576K
}

