# JRE version: OpenJDK Runtime Environment (11.0.11+9) (build 11.0.11+9-b60-7590822)
# Java VM: OpenJDK 64-Bit Server VM (11.0.11+9-b60-7590822, mixed mode, tiered, compressed oops, g1 gc, windows-amd64)
Heap:
 garbage-first heap   total 95232K, used 63763K [0x00000000c1800000, 0x0000000100000000)
  region size 1024K, 12 young (12288K), 2 survivors (2048K)
 Metaspace       used 63712K, capacity 64369K, committed 64512K, reserved 1105920K
  class space    used 6906K, capacity 7162K, committed 7168K, reserved 1048576K
GC Heap History (20 events):
Event: 15.846 GC heap before
{Heap before GC invocations=12 (full 0):
 garbage-first heap   total 78848K, used 50365K [0x00000000c1800000, 0x0000000100000000)
  region size 1024K, 27 young (27648K), 4 survivors (4096K)
 Metaspace       used 45677K, capacity 46158K, committed 46336K, reserved 1089536K
  class space    used 5366K, capacity 5547K, committed 5632K, reserved 1048576K
}
Event: 15.879 GC heap after
{Heap after GC invocations=13 (full 0):
 garbage-first heap   total 78848K, used 29761K [0x00000000c1800000, 0x0000000100000000)
  region size 1024K, 2 young (2048K), 2 survivors (2048K)
 Metaspace       used 45677K, capacity 46158K, committed 46336K, reserved 1089536K
  class space    used 5366K, capacity 5547K, committed 5632K, reserved 1048576K
}
Event: 18.358 GC heap before
{Heap before GC invocations=13 (full 0):
 garbage-first heap   total 78848K, used 53313K [0x00000000c1800000, 0x0000000100000000)
  region size 1024K, 25 young (25600K), 2 survivors (2048K)
 Metaspace       used 46495K, capacity 46960K, committed 47104K, reserved 1091584K
  class space    used 5411K, capacity 5579K, committed 5632K, reserved 1048576K
}
Event: 18.435 GC heap after
{Heap after GC invocations=14 (full 0):
 garbage-first heap   total 78848K, used 35734K [0x00000000c1800000, 0x0000000100000000)
  region size 1024K, 4 young (4096K), 4 survivors (4096K)
 Metaspace       used 46495K, capacity 46960K, committed 47104K, reserved 1091584K
  class space    used 5411K, capacity 5579K, committed 5632K, reserved 1048576K
}
Event: 21.398 GC heap before
{Heap before GC invocations=14 (full 0):
 garbage-first heap   total 78848K, used 56214K [0x00000000c1800000, 0x0000000100000000)
  region size 1024K, 24 young (24576K), 4 survivors (4096K)
 Metaspace       used 48233K, capacity 48765K, committed 48896K, reserved 1091584K
  class space    used 5595K, capacity 5774K, committed 5888K, reserved 1048576K
}
Event: 21.432 GC heap after
{Heap after GC invocations=15 (full 0):
 garbage-first heap   total 78848K, used 38247K [0x00000000c1800000, 0x0000000100000000)
  region size 1024K, 3 young (3072K), 3 survivors (3072K)
 Metaspace       used 48233K, capacity 48765K, committed 48896K, reserved 1091584K
  class space    used 5595K, capacity 5774K, committed 5888K, reserved 1048576K
}
Event: 25.296 GC heap before
{Heap before GC invocations=15 (full 0):
 garbage-first heap   total 78848K, used 57703K [0x00000000c1800000, 0x0000000100000000)
  region size 1024K, 22 young (22528K), 3 survivors (3072K)
 Metaspace       used 50186K, capacity 50714K, committed 50944K, reserved 1093632K
  class space    used 5688K, capacity 5883K, committed 5888K, reserved 1048576K
}
Event: 25.333 GC heap after
{Heap after GC invocations=16 (full 0):
 garbage-first heap   total 95232K, used 41728K [0x00000000c1800000, 0x0000000100000000)
  region size 1024K, 3 young (3072K), 3 survivors (3072K)
 Metaspace       used 50186K, capacity 50714K, committed 50944K, reserved 1093632K
  class space    used 5688K, capacity 5883K, committed 5888K, reserved 1048576K
}
Event: 27.563 GC heap before
{Heap before GC invocations=17 (full 0):
 garbage-first heap   total 95232K, used 64256K [0x00000000c1800000, 0x0000000100000000)
  region size 1024K, 27 young (27648K), 3 survivors (3072K)
 Metaspace       used 50475K, capacity 51037K, committed 51200K, reserved 1095680K
  class space    used 5694K, capacity 5883K, committed 5888K, reserved 1048576K
}
Event: 27.616 GC heap after
{Heap after GC invocations=18 (full 0):
 garbage-first heap   total 95232K, used 44588K [0x00000000c1800000, 0x0000000100000000)
  region size 1024K, 4 young (4096K), 4 survivors (4096K)
 Metaspace       used 50475K, capacity 51037K, committed 51200K, reserved 1095680K
  class space    used 5694K, capacity 5883K, committed 5888K, reserved 1048576K
}
Event: 28.206 GC heap before
{Heap before GC invocations=18 (full 0):
 garbage-first heap   total 95232K, used 68140K [0x00000000c1800000, 0x0000000100000000)
  region size 1024K, 27 young (27648K), 4 survivors (4096K)
 Metaspace       used 50656K, capacity 51177K, committed 51200K, reserved 1095680K
  class space    used 5712K, capacity 5887K, committed 5888K, reserved 1048576K
}
Event: 28.234 GC heap after
{Heap after GC invocations=19 (full 0):
 garbage-first heap   total 95232K, used 45816K [0x00000000c1800000, 0x0000000100000000)
  region size 1024K, 1 young (1024K), 1 survivors (1024K)
 Metaspace       used 50656K, capacity 51177K, committed 51200K, reserved 1095680K
  class space    used 5712K, capacity 5887K, committed 5888K, reserved 1048576K
}
Event: 29.559 GC heap before
{Heap before GC invocations=19 (full 0):
 garbage-first heap   total 95232K, used 70392K [0x00000000c1800000, 0x0000000100000000)
  region size 1024K, 25 young (25600K), 1 survivors (1024K)
 Metaspace       used 53113K, capacity 53687K, committed 53888K, reserved 1097728K
  class space    used 5975K, capacity 6191K, committed 6272K, reserved 1048576K
}
Event: 29.573 GC heap after
{Heap after GC invocations=20 (full 0):
 garbage-first heap   total 95232K, used 46997K [0x00000000c1800000, 0x0000000100000000)
  region size 1024K, 2 young (2048K), 2 survivors (2048K)
 Metaspace       used 53113K, capacity 53687K, committed 53888K, reserved 1097728K
  class space    used 5975K, capacity 6191K, committed 6272K, reserved 1048576K
}
Event: 35.376 GC heap before
{Heap before GC invocations=21 (full 0):
 garbage-first heap   total 95232K, used 70549K [0x00000000c1800000, 0x0000000100000000)
  region size 1024K, 26 young (26624K), 2 survivors (2048K)
 Metaspace       used 56433K, capacity 57046K, committed 57216K, reserved 1099776K
  class space    used 6288K, capacity 6516K, committed 6528K, reserved 1048576K
}
Event: 35.410 GC heap after
{Heap after GC invocations=22 (full 0):
 garbage-first heap   total 95232K, used 50373K [0x00000000c1800000, 0x0000000100000000)
  region size 1024K, 4 young (4096K), 4 survivors (4096K)
 Metaspace       used 56433K, capacity 57046K, committed 57216K, reserved 1099776K
  class space    used 6288K, capacity 6516K, committed 6528K, reserved 1048576K
}
Event: 41.527 GC heap before
{Heap before GC invocations=22 (full 0):
 garbage-first heap   total 95232K, used 72901K [0x00000000c1800000, 0x0000000100000000)
  region size 1024K, 27 young (27648K), 4 survivors (4096K)
 Metaspace       used 58612K, capacity 59320K, committed 59392K, reserved 1101824K
  class space    used 6376K, capacity 6626K, committed 6656K, reserved 1048576K
}
Event: 41.568 GC heap after
{Heap after GC invocations=23 (full 0):
 garbage-first heap   total 95232K, used 53237K [0x00000000c1800000, 0x0000000100000000)
  region size 1024K, 3 young (3072K), 3 survivors (3072K)
 Metaspace       used 58612K, capacity 59320K, committed 59392K, reserved 1101824K
  class space    used 6376K, capacity 6626K, committed 6656K, reserved 1048576K
}
Event: 44.776 GC heap before
{Heap before GC invocations=24 (full 0):
 garbage-first heap   total 95232K, used 74741K [0x00000000c1800000, 0x0000000100000000)
  region size 1024K, 24 young (24576K), 3 survivors (3072K)
 Metaspace       used 62810K, capacity 63434K, committed 63744K, reserved 1105920K
  class space    used 6822K, capacity 7064K, committed 7168K, reserved 1048576K
}
Event: 44.800 GC heap after
{Heap after GC invocations=25 (full 0):
 garbage-first heap   total 95232K, used 54547K [0x00000000c1800000, 0x0000000100000000)
  region size 1024K, 2 young (2048K), 2 survivors (2048K)
 Metaspace       used 62810K, capacity 63434K, committed 63744K, reserved 1105920K
  class space    used 6822K, capacity 7064K, committed 7168K, reserved 1048576K
}

