# JRE version: OpenJDK Runtime Environment (11.0.11+9) (build 11.0.11+9-b60-7590822)
# Java VM: OpenJDK 64-Bit Server VM (11.0.11+9-b60-7590822, mixed mode, tiered, compressed oops, g1 gc, windows-amd64)
Heap:
 garbage-first heap   total 95232K, used 55295K [0x00000000c1800000, 0x0000000100000000)
  region size 1024K, 3 young (3072K), 2 survivors (2048K)
 Metaspace       used 62711K, capacity 63371K, committed 63488K, reserved 1105920K
  class space    used 6818K, capacity 7064K, committed 7168K, reserved 1048576K
GC Heap History (20 events):
Event: 24.075 GC heap before
{Heap before GC invocations=9 (full 0):
 garbage-first heap   total 78848K, used 50176K [0x00000000c1800000, 0x0000000100000000)
  region size 1024K, 27 young (27648K), 3 survivors (3072K)
 Metaspace       used 44617K, capacity 45139K, committed 45440K, reserved 1089536K
  class space    used 5258K, capacity 5441K, committed 5504K, reserved 1048576K
}
Event: 24.098 GC heap after
{Heap after GC invocations=10 (full 0):
 garbage-first heap   total 78848K, used 28539K [0x00000000c1800000, 0x0000000100000000)
  region size 1024K, 4 young (4096K), 4 survivors (4096K)
 Metaspace       used 44617K, capacity 45139K, committed 45440K, reserved 1089536K
  class space    used 5258K, capacity 5441K, committed 5504K, reserved 1048576K
}
Event: 26.434 GC heap before
{Heap before GC invocations=10 (full 0):
 garbage-first heap   total 78848K, used 54139K [0x00000000c1800000, 0x0000000100000000)
  region size 1024K, 28 young (28672K), 4 survivors (4096K)
 Metaspace       used 46418K, capacity 46896K, committed 47104K, reserved 1091584K
  class space    used 5412K, capacity 5579K, committed 5632K, reserved 1048576K
}
Event: 26.477 GC heap after
{Heap after GC invocations=11 (full 0):
 garbage-first heap   total 78848K, used 34154K [0x00000000c1800000, 0x0000000100000000)
  region size 1024K, 4 young (4096K), 4 survivors (4096K)
 Metaspace       used 46418K, capacity 46896K, committed 47104K, reserved 1091584K
  class space    used 5412K, capacity 5579K, committed 5632K, reserved 1048576K
}
Event: 27.655 GC heap before
{Heap before GC invocations=11 (full 0):
 garbage-first heap   total 78848K, used 55658K [0x00000000c1800000, 0x0000000100000000)
  region size 1024K, 25 young (25600K), 4 survivors (4096K)
 Metaspace       used 47514K, capacity 47991K, committed 48256K, reserved 1091584K
  class space    used 5518K, capacity 5709K, committed 5760K, reserved 1048576K
}
Event: 27.691 GC heap after
{Heap after GC invocations=12 (full 0):
 garbage-first heap   total 78848K, used 37304K [0x00000000c1800000, 0x0000000100000000)
  region size 1024K, 3 young (3072K), 3 survivors (3072K)
 Metaspace       used 47514K, capacity 47991K, committed 48256K, reserved 1091584K
  class space    used 5518K, capacity 5709K, committed 5760K, reserved 1048576K
}
Event: 31.902 GC heap before
{Heap before GC invocations=12 (full 0):
 garbage-first heap   total 78848K, used 57784K [0x00000000c1800000, 0x0000000100000000)
  region size 1024K, 23 young (23552K), 3 survivors (3072K)
 Metaspace       used 50087K, capacity 50586K, committed 50688K, reserved 1093632K
  class space    used 5686K, capacity 5883K, committed 5888K, reserved 1048576K
}
Event: 31.955 GC heap after
{Heap after GC invocations=13 (full 0):
 garbage-first heap   total 78848K, used 40709K [0x00000000c1800000, 0x0000000100000000)
  region size 1024K, 3 young (3072K), 3 survivors (3072K)
 Metaspace       used 50087K, capacity 50586K, committed 50688K, reserved 1093632K
  class space    used 5686K, capacity 5883K, committed 5888K, reserved 1048576K
}
Event: 33.705 GC heap before
{Heap before GC invocations=13 (full 0):
 garbage-first heap   total 78848K, used 60165K [0x00000000c1800000, 0x0000000100000000)
  region size 1024K, 22 young (22528K), 3 survivors (3072K)
 Metaspace       used 50307K, capacity 50779K, committed 50944K, reserved 1093632K
  class space    used 5689K, capacity 5883K, committed 5888K, reserved 1048576K
}
Event: 33.748 GC heap after
{Heap after GC invocations=14 (full 0):
 garbage-first heap   total 78848K, used 44935K [0x00000000c1800000, 0x0000000100000000)
  region size 1024K, 3 young (3072K), 3 survivors (3072K)
 Metaspace       used 50307K, capacity 50779K, committed 50944K, reserved 1093632K
  class space    used 5689K, capacity 5883K, committed 5888K, reserved 1048576K
}
Event: 35.156 GC heap before
{Heap before GC invocations=15 (full 0):
 garbage-first heap   total 78848K, used 59271K [0x00000000c1800000, 0x0000000100000000)
  region size 1024K, 19 young (19456K), 3 survivors (3072K)
 Metaspace       used 50607K, capacity 51177K, committed 51200K, reserved 1095680K
  class space    used 5712K, capacity 5887K, committed 5888K, reserved 1048576K
}
Event: 35.192 GC heap after
{Heap after GC invocations=16 (full 0):
 garbage-first heap   total 95232K, used 46331K [0x00000000c1800000, 0x0000000100000000)
  region size 1024K, 2 young (2048K), 2 survivors (2048K)
 Metaspace       used 50607K, capacity 51177K, committed 51200K, reserved 1095680K
  class space    used 5712K, capacity 5887K, committed 5888K, reserved 1048576K
}
Event: 35.766 GC heap before
{Heap before GC invocations=16 (full 0):
 garbage-first heap   total 95232K, used 67835K [0x00000000c1800000, 0x0000000100000000)
  region size 1024K, 23 young (23552K), 2 survivors (2048K)
 Metaspace       used 50968K, capacity 51476K, committed 51584K, reserved 1095680K
  class space    used 5749K, capacity 5923K, committed 6016K, reserved 1048576K
}
Event: 35.779 GC heap after
{Heap after GC invocations=17 (full 0):
 garbage-first heap   total 95232K, used 46819K [0x00000000c1800000, 0x0000000100000000)
  region size 1024K, 1 young (1024K), 1 survivors (1024K)
 Metaspace       used 50968K, capacity 51476K, committed 51584K, reserved 1095680K
  class space    used 5749K, capacity 5923K, committed 6016K, reserved 1048576K
}
Event: 39.810 GC heap before
{Heap before GC invocations=18 (full 0):
 garbage-first heap   total 95232K, used 67299K [0x00000000c1800000, 0x0000000100000000)
  region size 1024K, 22 young (22528K), 1 survivors (1024K)
 Metaspace       used 53862K, capacity 54438K, committed 54784K, reserved 1097728K
  class space    used 6079K, capacity 6292K, committed 6400K, reserved 1048576K
}
Event: 39.827 GC heap after
{Heap after GC invocations=19 (full 0):
 garbage-first heap   total 95232K, used 48226K [0x00000000c1800000, 0x0000000100000000)
  region size 1024K, 2 young (2048K), 2 survivors (2048K)
 Metaspace       used 53862K, capacity 54438K, committed 54784K, reserved 1097728K
  class space    used 6079K, capacity 6292K, committed 6400K, reserved 1048576K
}
Event: 46.175 GC heap before
{Heap before GC invocations=19 (full 0):
 garbage-first heap   total 95232K, used 70754K [0x00000000c1800000, 0x0000000100000000)
  region size 1024K, 24 young (24576K), 2 survivors (2048K)
 Metaspace       used 56690K, capacity 57310K, committed 57472K, reserved 1099776K
  class space    used 6293K, capacity 6517K, committed 6528K, reserved 1048576K
}
Event: 46.205 GC heap after
{Heap after GC invocations=20 (full 0):
 garbage-first heap   total 95232K, used 51406K [0x00000000c1800000, 0x0000000100000000)
  region size 1024K, 3 young (3072K), 3 survivors (3072K)
 Metaspace       used 56690K, capacity 57310K, committed 57472K, reserved 1099776K
  class space    used 6293K, capacity 6517K, committed 6528K, reserved 1048576K
}
Event: 56.334 GC heap before
{Heap before GC invocations=21 (full 0):
 garbage-first heap   total 95232K, used 71886K [0x00000000c1800000, 0x0000000100000000)
  region size 1024K, 24 young (24576K), 3 survivors (3072K)
 Metaspace       used 58736K, capacity 59320K, committed 59392K, reserved 1101824K
  class space    used 6390K, capacity 6626K, committed 6656K, reserved 1048576K
}
Event: 56.390 GC heap after
{Heap after GC invocations=22 (full 0):
 garbage-first heap   total 95232K, used 54328K [0x00000000c1800000, 0x0000000100000000)
  region size 1024K, 3 young (3072K), 3 survivors (3072K)
 Metaspace       used 58736K, capacity 59320K, committed 59392K, reserved 1101824K
  class space    used 6390K, capacity 6626K, committed 6656K, reserved 1048576K
}

